Android/Login/build/intermediates/manifest_merge_blame_file/debug/manifest-merger-blame-debug-report.txt
1<?xml version="1.0" encoding="utf-8"?>
2<manifest xmlns:android="http://schemas.android.com/apk/res/android"
3    package="com.tencent.liteav.login"
4    android:versionCode="1"
5    android:versionName="1.0" >
6
7    <uses-sdk
8        android:minSdkVersion="19"
8-->src/main/AndroidManifest.xml
9        android:targetSdkVersion="26" />
9-->src/main/AndroidManifest.xml
10
11    <application>
11-->src/main/AndroidManifest.xml:5:5-21:19
12        <activity
12-->src/main/AndroidManifest.xml:6:9-14:20
13            android:name="com.tencent.liteav.login.ui.LoginActivity"
13-->src/main/AndroidManifest.xml:7:13-45
14            android:screenOrientation="portrait"
14-->src/main/AndroidManifest.xml:9:13-49
15            android:theme="@style/Theme.AppCompat.NoActionBar" >
15-->src/main/AndroidManifest.xml:8:13-63
16            <intent-filter>
16-->src/main/AndroidManifest.xml:10:13-13:29
17                <action android:name="com.tencent.liteav.action.startLogin" />
17-->src/main/AndroidManifest.xml:11:17-79
17-->src/main/AndroidManifest.xml:11:25-76
18
19                <category android:name="android.intent.category.DEFAULT" />
19-->src/main/AndroidManifest.xml:12:17-76
19-->src/main/AndroidManifest.xml:12:27-73
20            </intent-filter>
21        </activity>
22        <activity
22-->src/main/AndroidManifest.xml:16:9-20:20
23            android:name="com.tencent.liteav.login.ui.ProfileActivity"
23-->src/main/AndroidManifest.xml:17:13-47
24            android:screenOrientation="portrait"
24-->src/main/AndroidManifest.xml:19:13-49
25            android:theme="@style/Theme.AppCompat.NoActionBar" >
25-->src/main/AndroidManifest.xml:18:13-63
26        </activity>
27    </application>
28
29</manifest>